[09:56:42] [Client thread/INFO]: Setting user: Player679
[09:56:48] [Client thread/INFO]: LWJGL Version: 2.9.1
[09:56:54] [Client thread/INFO]: Reloading ResourceManager: Default, FMLFileResourcePack:Forge Mod Loader, FMLFileResourcePack:Minecraft Forge, FMLFileResourcePack:§e§lPaint Mod 2015
[09:56:55] [Sound Library Loader/INFO]: Starting up SoundSystem...
[09:56:56] [Thread-7/INFO]: Initializing LWJGL OpenAL
[09:56:56] [Thread-7/INFO]: (The LWJGL binding of OpenAL.  For more information, see http://www.lwjgl.org)
[09:56:56] [Thread-7/INFO]: OpenAL initialized.
[09:56:56] [Sound Library Loader/INFO]: Sound engine started
[09:57:03] [Client thread/INFO]: Created: 512x512 textures-atlas
[09:57:04] [Client thread/INFO]: Reloading ResourceManager: Default, FMLFileResourcePack:Forge Mod Loader, FMLFileResourcePack:Minecraft Forge, FMLFileResourcePack:§e§lPaint Mod 2015
[09:57:04] [Client thread/INFO]: SoundSystem shutting down...
[09:57:05] [Client thread/WARN]: Author: Paul Lamb, www.paulscode.com
[09:57:05] [Sound Library Loader/INFO]: Starting up SoundSystem...
[09:57:05] [Thread-9/INFO]: Initializing LWJGL OpenAL
[09:57:05] [Thread-9/INFO]: (The LWJGL binding of OpenAL.  For more information, see http://www.lwjgl.org)
[09:57:05] [Thread-9/INFO]: OpenAL initialized.
[09:57:05] [Sound Library Loader/INFO]: Sound engine started
[09:57:08] [Client thread/INFO]: Created: 512x512 textures-atlas
[09:57:18] [Server thread/INFO]: Starting integrated minecraft server version 1.8
[09:57:18] [Server thread/INFO]: Generating keypair
[09:57:20] [Server thread/INFO]: Preparing start region for level 0
[09:57:21] [Server thread/INFO]: Preparing spawn area: 29%
[09:57:22] [Server thread/INFO]: Preparing spawn area: 53%
[09:57:23] [Server thread/INFO]: Changing view distance to 2, from 10
[09:57:25] [Server thread/INFO]: Player679[local:E:dc4097ef] logged in with entity id 188 at (-15.525896176085345, 69.0, 255.5848442160576)
[09:57:25] [Server thread/INFO]: Player679 joined the game
[09:58:28] [Server thread/INFO]: [Player679: Set own game mode to Survival Mode]
[09:58:28] [Client thread/INFO]: [CHAT] Your game mode has been updated
[09:59:05] [Server thread/INFO]: [Player679: Set own game mode to Creative Mode]
[09:59:05] [Client thread/INFO]: [CHAT] Your game mode has been updated
[09:59:13] [Server thread/INFO]: Saving and pausing game...
[09:59:13] [Server thread/INFO]: Saving chunks for level 'New World'/Overworld
[09:59:13] [Server thread/INFO]: Saving chunks for level 'New World'/Nether
[09:59:13] [Server thread/INFO]: Saving chunks for level 'New World'/The End
[09:59:15] [Server thread/INFO]: Stopping server
[09:59:15] [Server thread/INFO]: Saving players
[09:59:15] [Server thread/INFO]: Saving worlds
[09:59:15] [Server thread/INFO]: Saving chunks for level 'New World'/Overworld
[09:59:15] [Server thread/INFO]: Saving chunks for level 'New World'/Nether
[09:59:15] [Server thread/INFO]: Saving chunks for level 'New World'/The End
[09:59:17] [Client thread/INFO]: Stopping!
[09:59:17] [Client thread/INFO]: SoundSystem shutting down...
[09:59:18] [Client thread/WARN]: Author: Paul Lamb, www.paulscode.com
